# BEAST v1.10.4 Prerelease #bc6cbd9
# Generated Sun Jan 20 19:14:42 AEDT 2019 [seed=1547972061738]
# -window -working -options
state	fakeExampleByQiuyi
0	"TGAGCCA"
1000	"AGGAATA"
2000	"AGAAATA"
3000	"AGAGATA"
4000	"AGAAATA"
5000	"AAGTAAA"
6000	"AGAAATA"
7000	"AGAACTA"
8000	"AGATAAA"
9000	"AGAAATA"
10000	"AGATATA"
11000	"AGAAATA"
12000	"ACAAATA"
13000	"ACAAATA"
14000	"AGAAATA"
15000	"AGAAATA"
16000	"AGAAATA"
17000	"ACGATAG"
18000	"ACAAATA"
19000	"AATATAT"
20000	"ACTTAAG"
21000	"AGAAATA"
22000	"AGATATA"
23000	"AGAAATA"
24000	"AGAAATA"
25000	"AGAAATA"
26000	"AGAAATA"
27000	"ACAAATA"
28000	"ACAAAAA"
29000	"AGAAATA"
30000	"AGAAATA"
31000	"AGAAATA"
32000	"AGAAATA"
33000	"AGAAATA"
34000	"AGATATA"
35000	"ACATATA"
36000	"ACAAATA"
37000	"AGAAATA"
38000	"AGAAATA"
39000	"AGAAATA"
40000	"ACAAATA"
41000	"ACAAATA"
42000	"AGAAATA"
43000	"AGAAATA"
44000	"AGAAGAA"
45000	"AGAAATA"
46000	"AGAAATA"
47000	"AGAAATA"
48000	"AGAAATA"
49000	"AGAAATA"
50000	"AGAAATA"
51000	"AGAAATA"
52000	"AGAAATA"
53000	"AGAAATA"
54000	"AGAAATA"
55000	"ACAAATA"
56000	"ACAAATA"
57000	"AGAAATA"
58000	"AGATAAA"
59000	"AGAAATA"
60000	"AGATAAA"
61000	"TATTATA"
62000	"ACAAATA"
63000	"AGATATA"
64000	"AGAAATA"
65000	"AGAAATA"
66000	"AGAAATA"
67000	"AGAAATA"
68000	"AGAAATA"
69000	"AGAAATA"
70000	"AGAAATA"
71000	"ACAAATA"
72000	"AGAAATA"
73000	"AGATATA"
74000	"AGATATA"
75000	"AGAAATA"
76000	"AGAAATA"
77000	"AGAAATA"
78000	"AGATATA"
79000	"AGAAATA"
80000	"AGAAATA"
81000	"AGATATA"
82000	"AGAAATA"
83000	"ACAAATA"
84000	"AGAAATA"
85000	"AGAAATA"
86000	"AGATATA"
87000	"ACAAATA"
88000	"AGAAATG"
89000	"AGATATA"
90000	"AGAAATA"
91000	"ACAAATA"
92000	"AGAAATA"
93000	"ATAAATA"
94000	"AGATATA"
95000	"AGAAATA"
96000	"ACATATA"
97000	"AGAAATA"
98000	"GGAAGCC"
99000	"AGAAATA"
100000	"GTACGGT"
101000	"GATAAAC"
102000	"AAAAATA"
103000	"AGAAATA"
104000	"AGAAATA"
105000	"ACAAATA"
106000	"AGAAATA"
107000	"AGAAATA"
108000	"AGATATA"
109000	"ACAAATA"
110000	"AGATATA"
111000	"AGAAATA"
112000	"AGAAATA"
113000	"AGATATA"
114000	"ACATATA"
115000	"AGAAATA"
116000	"AGAAATA"
117000	"AGAAATA"
118000	"AGAAATA"
119000	"AGAAAGA"
120000	"AGAAATA"
121000	"AGAAATA"
122000	"AGAAATA"
123000	"AAAAATA"
124000	"TGAAATA"
125000	"AGAAATA"
126000	"AGAAATT"
127000	"AGAAATA"
128000	"AGAAATA"
129000	"ACAAATA"
130000	"AGAAATA"
131000	"ACAAATA"
132000	"AGAAATA"
133000	"AGATATA"
134000	"AGAAATA"
135000	"ACAAATA"
136000	"AGAAATA"
137000	"AGAAATA"
138000	"AGATATA"
139000	"AGAAATA"
140000	"AGAAATA"
141000	"GAAGGCA"
142000	"ACAAATA"
143000	"AGAAATA"
144000	"AAAAATA"
145000	"ACAAATA"
146000	"AGAAATA"
147000	"AGAAATA"
148000	"AGAAATA"
149000	"AGATATA"
150000	"AGAAATA"
151000	"AGAAATA"
152000	"AGAAATA"
153000	"ACAAATA"
154000	"AGAAATA"
155000	"AGAAATA"
156000	"AGAAATA"
157000	"TAATATA"
158000	"AGAAATA"
159000	"AAACAAA"
160000	"AAAAATA"
161000	"AGAAAAA"
162000	"AGAGATA"
163000	"AGATATA"
164000	"ACAAATA"
165000	"ACAAATA"
166000	"ACAAATA"
167000	"ACAAATA"
168000	"AGATATA"
169000	"AGAAATA"
170000	"ACAGAAA"
171000	"ACATATT"
172000	"ACAAATA"
173000	"AGAAATA"
174000	"AGAAATA"
175000	"AGAAATA"
176000	"AGAAATA"
177000	"AGAAAAA"
178000	"AGAAATA"
179000	"TGATAAA"
180000	"AGAAATA"
181000	"AGAAATA"
182000	"AGATATA"
183000	"ACAAATA"
184000	"AGAAATA"
185000	"AGAAATA"
186000	"AGAAATA"
187000	"AGAAATA"
188000	"ACATATA"
189000	"AGATATA"
190000	"AGATATA"
191000	"AGAAATA"
192000	"AGAAATA"
193000	"AGAAATA"
194000	"AGAAATA"
195000	"AGAAATA"
196000	"AGAAATA"
197000	"AGAAATA"
198000	"AAATATA"
199000	"AGAAATA"
200000	"AGAAATA"
201000	"AGAAATA"
202000	"AGATATA"
203000	"TGTAATA"
204000	"AGATATA"
205000	"AGATATA"
206000	"AGAAATA"
207000	"AGAAATA"
208000	"AGATATA"
209000	"AGAGATA"
210000	"AGAAATA"
211000	"AGAAATA"
212000	"AGAAATA"
213000	"AACATTA"
214000	"AGAAATA"
215000	"AGAAATA"
216000	"AGAAATA"
217000	"AGAAATA"
218000	"AGAAATA"
219000	"ACATATA"
220000	"AGATATA"
221000	"AGAAATA"
222000	"AGATATA"
223000	"AGAAATA"
224000	"AGAAATA"
225000	"AGATATA"
226000	"AGAAATA"
227000	"AGATATA"
228000	"AGAAATA"
229000	"AGAAATA"
230000	"AGATATA"
231000	"ACAAATA"
232000	"AGAAATA"
233000	"AGAAATA"
234000	"AGAAAAA"
235000	"AGAAATA"
236000	"ACAAATA"
237000	"AGAAATA"
238000	"AAGGATA"
239000	"AGATATA"
240000	"AGATATA"
241000	"AGAAATA"
242000	"AGAAATA"
243000	"AGAAATA"
244000	"AGAAATA"
245000	"ACAAATA"
246000	"AGAAATA"
247000	"AGATATA"
248000	"AGAAATA"
249000	"AGATATA"
250000	"TGAAATA"
251000	"ACAAATA"
252000	"AGATATA"
253000	"AGAAATA"
254000	"AGAAATA"
255000	"AGATATA"
256000	"AGAAATA"
257000	"AGAAATA"
258000	"ACTAATA"
259000	"AGAAATA"
260000	"AGATATA"
261000	"AGAAATA"
262000	"AGAAATA"
263000	"AGAAATA"
264000	"AGAAATA"
265000	"AGAAATA"
266000	"AGAAATA"
267000	"AGAAATA"
268000	"AGAAATA"
269000	"AGAAATA"
270000	"AGAAATA"
271000	"AGAAATA"
272000	"AGAAATA"
273000	"AGAAATA"
274000	"AGAAATA"
275000	"AGAAATA"
276000	"AAAAATA"
277000	"AGATATA"
278000	"AGAAATA"
279000	"ACATATA"
280000	"AGAAATA"
281000	"AAAAGTA"
282000	"ACATATA"
283000	"ACAAATA"
284000	"AGAAATA"
285000	"AGATATA"
286000	"AGAAATA"
287000	"ACAAATA"
288000	"AGAAATA"
289000	"AGAAATA"
290000	"AGAAATA"
291000	"AAAAAAT"
292000	"AGATATA"
293000	"AGAAATA"
294000	"AGAAATA"
295000	"AGATATA"
296000	"AGAGAGA"
297000	"AGAAATA"
298000	"AGAAATA"
299000	"AGAAATA"
300000	"AGAAATA"
301000	"AGAAATA"
302000	"ACAAATA"
303000	"AGATATA"
304000	"AGAAATA"
305000	"AGATGTA"
306000	"AGAAATA"
307000	"AGAAATA"
308000	"AGAAATA"
309000	"AGAAATA"
310000	"AGATATA"
311000	"AGATATA"
312000	"AGAAATA"
313000	"AGATATA"
314000	"AGAAATA"
315000	"AGAAATA"
316000	"AGATATA"
317000	"AGAAATA"
318000	"AAAAATA"
319000	"AGAAATA"
320000	"AGAAATA"
321000	"AGAAAAG"
322000	"AGAAATA"
323000	"ACATATA"
324000	"AGAAATA"
325000	"AGAAATA"
326000	"AGAAATA"
327000	"ACAAATA"
328000	"AGAAATA"
329000	"ATATATA"
330000	"AGATATA"
331000	"AGAAATT"
332000	"AGATATA"
333000	"AAATATA"
334000	"AGAAATA"
335000	"AGAAGTA"
336000	"AGAAATA"
337000	"AGAAATA"
338000	"AGAAATA"
339000	"AAAAAAA"
340000	"AGAATTA"
341000	"AGAAATA"
342000	"ACAAATA"
343000	"AGATATA"
344000	"AGAAATA"
345000	"AGATATA"
346000	"ACATATA"
347000	"ACAAATA"
348000	"AGAAATA"
349000	"AGATATA"
350000	"ACAAATA"
351000	"ACAAATA"
352000	"AGAAATA"
353000	"AGATATA"
354000	"AGAAATA"
355000	"AGAAATA"
356000	"ACAAATA"
357000	"AGATATA"
358000	"AGAAATA"
359000	"ACAAATA"
360000	"AGGTGTA"
361000	"AGAAATA"
362000	"AGAAATA"
363000	"AGAAATA"
364000	"ACAAATA"
365000	"AGATATA"
366000	"AGAAATA"
367000	"AGAAATA"
368000	"AGAAATA"
369000	"AGGTATA"
370000	"AGAAATA"
371000	"AGATATA"
372000	"AGAAATA"
373000	"AGATATA"
374000	"AGAAATA"
375000	"AGAAATA"
376000	"AGATATA"
377000	"AGAAATA"
378000	"ACATATA"
379000	"AGAAATA"
380000	"AGAAATA"
381000	"ACAAATA"
382000	"AGATATA"
383000	"AGATATA"
384000	"AGAAATA"
385000	"ATTAATA"
386000	"AAAAATA"
387000	"AGAAATA"
388000	"ACAAATA"
389000	"TGAAATA"
390000	"AGAAATA"
391000	"AGAAATA"
392000	"AAAAATA"
393000	"AGAAATA"
394000	"AGAAATA"
395000	"AGAAATA"
396000	"AGAAATA"
397000	"AGAAATA"
398000	"ACAAATA"
399000	"AGAAATA"
400000	"AGAAATA"
401000	"AGAAATA"
402000	"ACAAATA"
403000	"AGAAATA"
404000	"AGAAATA"
405000	"AGAAATA"
406000	"ACAAATA"
407000	"AGAGAAA"
408000	"CAACAGA"
409000	"AAAAATA"
410000	"AGAAATA"
411000	"AAAAATA"
412000	"AGAAATA"
413000	"AAAAATA"
414000	"AGAAATA"
415000	"AGATATA"
416000	"ACAAAAA"
417000	"AAAAATA"
418000	"AAAAATA"
419000	"ACAAATA"
420000	"AGAAATA"
421000	"AGAAATA"
422000	"AGAAATA"
423000	"AGATATA"
424000	"AGATATA"
425000	"ACAAATA"
426000	"AGAAATA"
427000	"AGTTATA"
428000	"ACAAATA"
429000	"AGAAATA"
430000	"ATTCAAA"
431000	"ACAAATA"
432000	"AGAAATA"
433000	"AGAAATA"
434000	"AGAAATA"
435000	"AGAAATA"
436000	"AGAAATA"
437000	"AGAAATA"
438000	"TGAAATA"
439000	"AGAAATA"
440000	"ACAAATA"
441000	"AGAAATA"
442000	"AAAAATA"
443000	"ATAAATA"
444000	"AGATATA"
445000	"AGAAATA"
446000	"ACAAATA"
447000	"AGAAAAA"
448000	"AAATATA"
449000	"AGAAATA"
450000	"AGAAATT"
451000	"AGATATA"
452000	"AGAAATA"
453000	"AGATATA"
454000	"AGAAATA"
455000	"AGAAATA"
456000	"GAAGATA"
457000	"AGAAGTA"
458000	"AGATATA"
459000	"AGAAATA"
460000	"AGAAATA"
461000	"ACATATA"
462000	"AGAAATA"
463000	"AGAAATA"
464000	"AGAAATA"
465000	"AAATATA"
466000	"AGAAATA"
467000	"AGATATA"
468000	"AGACATA"
469000	"AGAAATA"
470000	"AGAAATA"
471000	"AGAAATA"
472000	"AGAAATA"
473000	"AGAAATA"
474000	"AGATATA"
475000	"AGAAATA"
476000	"AGAAATA"
477000	"AGATGTA"
478000	"ACAAATA"
479000	"AGAAATA"
480000	"AGAAATA"
481000	"AGAAATA"
482000	"AGAAATA"
483000	"AGAAATA"
484000	"AAATATA"
485000	"AGATATA"
486000	"AGAAATA"
487000	"AGAAATA"
488000	"AGAAATA"
489000	"ACAAATA"
490000	"AGAAATA"
491000	"TGAAATA"
492000	"AGAAATA"
493000	"AGAAATA"
494000	"ACTTATA"
495000	"ATATCTA"
496000	"AGAAATA"
497000	"ACAAATA"
498000	"AGATATA"
499000	"AGAAATA"
500000	"AGATATA"
501000	"AAAAATA"
502000	"AGAAATA"
503000	"AGAAATT"
504000	"AGAAATA"
505000	"AGAAATA"
506000	"AGATATA"
507000	"AGAAATA"
508000	"AGATATA"
509000	"ACAAATA"
510000	"ACAAATA"
511000	"AAAAGAG"
512000	"ACAAATA"
513000	"AGAAATA"
514000	"AGATATA"
515000	"AGAAATA"
516000	"AGAAATA"
517000	"AGAAATA"
518000	"AGAAATA"
519000	"AGAAATA"
520000	"ACAAATA"
521000	"AGGAAAA"
522000	"AGAGATG"
523000	"ACAAATA"
524000	"ACAAATA"
525000	"AGAAATA"
526000	"AAAAATA"
527000	"AGAAATA"
528000	"AGAAATA"
529000	"AGAAATA"
530000	"AGAAATA"
531000	"ACATATA"
532000	"AAAAATA"
533000	"AGATATA"
534000	"AAAAATA"
535000	"AGAAATA"
536000	"AAAAATA"
537000	"AGAAATA"
538000	"ATATATA"
539000	"AGAAATA"
540000	"AAAAATA"
541000	"AGACATA"
542000	"AGAAATA"
543000	"AGAAATA"
544000	"AGAAATA"
545000	"AGATATA"
546000	"AGAAATA"
547000	"AGAAATA"
548000	"AGAAATA"
549000	"AGAAATA"
550000	"AGAAATA"
551000	"ACAAATA"
552000	"AGAAATA"
553000	"AGAAATA"
554000	"ACAAATA"
555000	"AGAAATA"
556000	"AGAAATA"
557000	"ACAAATA"
558000	"ACAAATA"
559000	"ACAAATA"
560000	"CGAAATA"
561000	"ACAAATA"
562000	"AGAAATA"
563000	"AGAAATA"
564000	"AGATATA"
565000	"ACAAATA"
566000	"AGAAATA"
567000	"AGAAATA"
568000	"AGAAATA"
569000	"AGAAATA"
570000	"AGAAATA"
571000	"ACAAATA"
572000	"AAAAATA"
573000	"ACAAATA"
574000	"AGAAATA"
575000	"AGAAATA"
576000	"AGAAATA"
577000	"AGAAATA"
578000	"AGAAATA"
579000	"AGAAATA"
580000	"TAATATA"
581000	"AGAAATA"
582000	"AGAAATA"
583000	"AGTTATA"
584000	"AGCGATA"
585000	"ACATATA"
586000	"AGAAATA"
587000	"ACAAATA"
588000	"AGATATA"
589000	"AGAAATA"
590000	"AGAAATA"
591000	"CAAAAAA"
592000	"AGAAATA"
593000	"AGACATA"
594000	"AGAAATA"
595000	"ACAAATA"
596000	"AGAAATA"
597000	"AGAAATA"
598000	"ACATATA"
599000	"AGAAATA"
600000	"AGAAATA"
601000	"AGATATA"
602000	"AGAAATT"
603000	"ACAAATA"
604000	"AGATATA"
605000	"AGAAATA"
606000	"ACAAATA"
607000	"AGAAATA"
608000	"AGAAATA"
609000	"AGAAATA"
610000	"AGAAATA"
611000	"AGATATA"
612000	"AGAAATA"
613000	"AGAAATA"
614000	"ACATATA"
615000	"ACAAATA"
616000	"AAAAATA"
617000	"AGAAATA"
618000	"ACAAATA"
619000	"AGATATA"
620000	"AGATATA"
621000	"AGAAATA"
622000	"AGATATA"
623000	"AGAAATA"
624000	"AGAAATA"
625000	"AGATATA"
626000	"ACAAATA"
627000	"AGATATA"
628000	"AGAAATA"
629000	"AGAAATA"
630000	"AGATATA"
631000	"AGAAATA"
632000	"AAGAATA"
633000	"AGAAATA"
634000	"ACAAATA"
635000	"ACAAATA"
636000	"AGATAAA"
637000	"AGAAATA"
638000	"AAAAATA"
639000	"AGCCATA"
640000	"AAAGATA"
641000	"AAAAATA"
642000	"AAGAATA"
643000	"ACAAATA"
644000	"AGAAATA"
645000	"AGAAATA"
646000	"AGATATA"
647000	"ACATATA"
648000	"AGAAATA"
649000	"AGATATA"
650000	"AGAAATA"
651000	"AGAAATA"
652000	"AGAAATA"
653000	"AGAAATA"
654000	"AGATATA"
655000	"AGATATA"
656000	"AGATATA"
657000	"AGAAATA"
658000	"AGAAATA"
659000	"AGAAATA"
660000	"AGAAATA"
661000	"AGAAATA"
662000	"AGAAATA"
663000	"AGAGATA"
664000	"ACAAATA"
665000	"AGAAATA"
666000	"AGAAATA"
667000	"AGGAATA"
668000	"AGAAATA"
669000	"ACAAATA"
670000	"AGAAATA"
671000	"AGAAATA"
672000	"AGAAATA"
673000	"AGTTTAA"
674000	"AGAAATA"
675000	"ACCGATA"
676000	"AGAAATA"
677000	"AAAAATA"
678000	"AGAAATA"
679000	"AGAAATA"
680000	"AGAAATA"
681000	"AGATATA"
682000	"AGATATA"
683000	"AGAAATA"
684000	"ACAAATA"
685000	"AGAAATA"
686000	"AGAAATA"
687000	"AGAAATA"
688000	"AGATATA"
689000	"ACATATA"
690000	"AGAAATA"
691000	"AGATATA"
692000	"AGAAATA"
693000	"AGAAATA"
694000	"AGAAATA"
695000	"AGAAATA"
696000	"AGAAATA"
697000	"ATAAATA"
698000	"AGAAATA"
699000	"ACAAATG"
700000	"ACAAATA"
701000	"AGAATTA"
702000	"AGAAATA"
703000	"AGAAATA"
704000	"AGAAATA"
705000	"ATTAAAC"
706000	"AGAAATA"
707000	"AGAAATA"
708000	"AGAGATA"
709000	"AGAAATA"
710000	"AGAGATA"
711000	"AGAAATA"
712000	"ACAAATA"
713000	"TAATAAA"
714000	"AGAGATA"
715000	"AGGGACC"
716000	"ACAAGTA"
717000	"AGAAATA"
718000	"ACAAATA"
719000	"ACAAATA"
720000	"ACGTATA"
721000	"AGAAATA"
722000	"AGAAATA"
723000	"ATAAATA"
724000	"AAAAATA"
725000	"AGAATTA"
726000	"ACAAATA"
727000	"AGATATA"
728000	"AAGATTA"
729000	"TGTTCCA"
730000	"AGAAATA"
731000	"AGAAATA"
732000	"ACAAATA"
733000	"AGAAATA"
734000	"AGAAATA"
735000	"AGAAATA"
736000	"ACATATA"
737000	"AGATATA"
738000	"ACAAATA"
739000	"ACAAATA"
740000	"AGACGTA"
741000	"ACAGATC"
742000	"AGAAACA"
743000	"AGAAATA"
744000	"AGAAATA"
745000	"AGAAATA"
746000	"AAAACTA"
747000	"ACAAATA"
748000	"AGAAATA"
749000	"AGATATA"
750000	"AGATATA"
751000	"AGATATA"
752000	"AGAAATA"
753000	"AGAAACA"
754000	"AGAAATG"
755000	"AGATCTA"
756000	"AGAAATA"
757000	"AGAAATA"
758000	"ACAAATA"
759000	"AGAAATA"
760000	"AGAAATA"
761000	"AGAAATA"
762000	"AGAAATA"
763000	"AGAAATA"
764000	"AGTAGAA"
765000	"AGAAATA"
766000	"AGAAATA"
767000	"AAAAATA"
768000	"AGAAATA"
769000	"AGAAATA"
770000	"AGAAATA"
771000	"AGAAATA"
772000	"AGAAATA"
773000	"ACAAATA"
774000	"AGAAATA"
775000	"AGATATA"
776000	"AGAAATA"
777000	"AGAAATA"
778000	"ACAAATA"
779000	"AGAAATA"
780000	"AGAAATA"
781000	"AGAAATA"
782000	"AGATATA"
783000	"AGAAATA"
784000	"ACAAATA"
785000	"ACAAAAA"
786000	"AGAAATA"
787000	"AGACATA"
788000	"AAAAATA"
789000	"AGAAATA"
790000	"AGAAATA"
791000	"AGAAATT"
792000	"AGAAATA"
793000	"AGATAAA"
794000	"AGAAATA"
795000	"AGAAATA"
796000	"AGAAATA"
797000	"AGAAATA"
798000	"AGAAATA"
799000	"AGATATA"
800000	"AGAAATA"
801000	"AGAAATA"
802000	"ACAAATA"
803000	"AGACATA"
804000	"AGAAATA"
805000	"ACGAATA"
806000	"ACAAGTA"
807000	"AGATATA"
808000	"AGAAATA"
809000	"ACAAATA"
810000	"AGAAATA"
811000	"AGAAATA"
812000	"AGAAATA"
813000	"ACAAATA"
814000	"AGAAATA"
815000	"AGAAATA"
816000	"AGAAATA"
817000	"AAAAATA"
818000	"AGAAATA"
819000	"AGAAATA"
820000	"AGAAATA"
821000	"AGAAATA"
822000	"AGATATA"
823000	"AGAAATA"
824000	"AGAAATA"
825000	"AGAAATA"
826000	"AGATATA"
827000	"AGAAATA"
828000	"AGAAATA"
829000	"ACAAATA"
830000	"AGAAATA"
831000	"AGAAATA"
832000	"ACAAATA"
833000	"ACAAATA"
834000	"AGATATA"
835000	"AGATATA"
836000	"AGAAATA"
837000	"AGAAATA"
838000	"AGAAATA"
839000	"AGAAATA"
840000	"AGAAAGA"
841000	"AAAAATA"
842000	"AGAAATA"
843000	"AGAAATA"
844000	"AGAAATA"
845000	"ACAAATA"
846000	"AGAAATA"
847000	"AGAAATA"
848000	"AGATATA"
849000	"AAAAATA"
850000	"AGAAATA"
851000	"AGAAATA"
852000	"ACAAATA"
853000	"AGAAATA"
854000	"AAAAATA"
855000	"AGAAATA"
856000	"AGATATA"
857000	"ACAAATA"
858000	"AGAAATA"
859000	"AGAAATA"
860000	"AGATATA"
861000	"AGAAATA"
862000	"ACATATA"
863000	"AAAAGTA"
864000	"AGAAATA"
865000	"AAAAATA"
866000	"AGAAATA"
867000	"AGAAATA"
868000	"ACGAATA"
869000	"AAAAATA"
870000	"ATAAATA"
871000	"GAAAATA"
872000	"AGAAATA"
873000	"AGATATA"
874000	"AGAAATA"
875000	"AGAAATA"
876000	"AGAAATA"
877000	"AGAAATA"
878000	"AGATATA"
879000	"AGATATA"
880000	"ACATATA"
881000	"ACAAATA"
882000	"AGAAATA"
883000	"AGAAATA"
884000	"AGAAATA"
885000	"AGAAATA"
886000	"AGAAATA"
887000	"ACAAATA"
888000	"ACAAATA"
889000	"ACAAATA"
890000	"AGAAATC"
891000	"AGAAATA"
892000	"ACAAATA"
893000	"AGAAATA"
894000	"ACAAATA"
895000	"AGATATA"
896000	"ATAAATA"
897000	"AGAAATA"
898000	"AGAAATA"
899000	"AGAAATA"
900000	"ACAAATA"
901000	"ATAAATA"
902000	"ACATATA"
903000	"AGAAATA"
904000	"AGAAATA"
905000	"AGAAATA"
906000	"AGATATA"
907000	"AGATATA"
908000	"AGATATA"
909000	"ACAAATA"
910000	"AGAAATA"
911000	"AGAAATA"
912000	"AGAAATA"
913000	"AGATATA"
914000	"TCATATA"
915000	"AGAAATA"
916000	"TTAAATA"
917000	"ACAAATA"
918000	"AGAAATA"
919000	"AGATATA"
920000	"AGAAATA"
921000	"ACAAATA"
922000	"AAAAATA"
923000	"AGAAATA"
924000	"AGAAATA"
925000	"AGATATA"
926000	"AGAAATA"
927000	"AGAAATA"
928000	"AAAAATA"
929000	"ACAAATA"
930000	"AGAAATA"
931000	"AGGAATA"
932000	"AGAGTTA"
933000	"AGAAATA"
934000	"AAAAATA"
935000	"AGAAATA"
936000	"AGAAATA"
937000	"AGATATA"
938000	"AGAAATA"
939000	"AGAAATA"
940000	"AGAAATA"
941000	"AGAAATA"
942000	"AGAAATA"
943000	"AGAAATA"
944000	"ACAAATA"
945000	"AGAAATA"
946000	"AGAAATA"
947000	"AGATATA"
948000	"AGAAATA"
949000	"AGAAATA"
950000	"GGAAACA"
951000	"AGAAATA"
952000	"AGAAATA"
953000	"AGAAATA"
954000	"AGAAATA"
955000	"AGAAATA"
956000	"AGAAATA"
957000	"AGAAATA"
958000	"ACAAATA"
959000	"ACATATA"
960000	"AGAAATA"
961000	"AGAAATA"
962000	"AGAAATA"
963000	"ATATATA"
964000	"AGATATA"
965000	"AGAAATA"
966000	"AGAAATA"
967000	"AGAAATA"
968000	"ACAAATA"
969000	"AGAAATA"
970000	"CCAAGTT"
971000	"AGAAATA"
972000	"GGAAATA"
973000	"AGATATT"
974000	"AGATATA"
975000	"AGATATA"
976000	"AGAAATA"
977000	"ACAAATA"
978000	"AGAGATA"
979000	"AAAAATA"
980000	"CAACAAA"
981000	"AGATATA"
982000	"AGGAATA"
983000	"AGAAATA"
984000	"AAAAATA"
985000	"AGAAATA"
986000	"AGAAATA"
987000	"AGAAATA"
988000	"AGATATA"
989000	"AGAAATA"
990000	"AGAAATA"
991000	"AGAGATA"
992000	"AGAAATA"
993000	"AGAAATA"
994000	"ACAAATA"
995000	"AGATATA"
996000	"AGATATA"
997000	"AGATATA"
998000	"AGATATA"
999000	"AGAAATA"
1000000	"AGAAATA"
